<?xml version="1.0" encoding="UTF-8"?>
<testsuite xmlns:xsi="http://www.w3.org/2001/XMLSchema-instance" xsi:noNamespaceSchemaLocation="https://maven.apache.org/surefire/maven-surefire-plugin/xsd/surefire-test-report.xsd" name="com.migration.AppTest" time="0.053" tests="1" errors="0" skipped="0" failures="0">
  <properties>
    <property name="gopherProxySet" value="false"/>
    <property name="awt.toolkit" value="sun.lwawt.macosx.LWCToolkit"/>
    <property name="java.specification.version" value="10"/>
    <property name="file.encoding.pkg" value="sun.io"/>
    <property name="sun.cpu.isalist" value=""/>
    <property name="sun.jnu.encoding" value="UTF-8"/>
    <property name="java.class.path" value="/Users/lblade/paper/system/migration_eureka_client/target/test-classes:/Users/lblade/paper/system/migration_eureka_client/target/classes:/Users/lblade/.m2/repository/junit/junit/4.11/junit-4.11.jar:/Users/lblade/.m2/repository/org/hamcrest/hamcrest-core/1.3/hamcrest-core-1.3.jar:/Users/lblade/.m2/repository/com/google/guava/guava/18.0/guava-18.0.jar:/Users/lblade/.m2/repository/org/springframework/boot/spring-boot-starter-web/1.5.21.RELEASE/spring-boot-starter-web-1.5.21.RELEASE.jar:/Users/lblade/.m2/repository/org/springframework/boot/spring-boot-starter/1.5.21.RELEASE/spring-boot-starter-1.5.21.RELEASE.jar:/Users/lblade/.m2/repository/org/springframework/boot/spring-boot/1.5.21.RELEASE/spring-boot-1.5.21.RELEASE.jar:/Users/lblade/.m2/repository/org/springframework/boot/spring-boot-autoconfigure/1.5.21.RELEASE/spring-boot-autoconfigure-1.5.21.RELEASE.jar:/Users/lblade/.m2/repository/org/springframework/boot/spring-boot-starter-logging/1.5.21.RELEASE/spring-boot-starter-logging-1.5.21.RELEASE.jar:/Users/lblade/.m2/repository/ch/qos/logback/logback-classic/1.1.11/logback-classic-1.1.11.jar:/Users/lblade/.m2/repository/ch/qos/logback/logback-core/1.1.11/logback-core-1.1.11.jar:/Users/lblade/.m2/repository/org/slf4j/jcl-over-slf4j/1.7.26/jcl-over-slf4j-1.7.26.jar:/Users/lblade/.m2/repository/org/slf4j/jul-to-slf4j/1.7.26/jul-to-slf4j-1.7.26.jar:/Users/lblade/.m2/repository/org/slf4j/log4j-over-slf4j/1.7.26/log4j-over-slf4j-1.7.26.jar:/Users/lblade/.m2/repository/org/yaml/snakeyaml/1.17/snakeyaml-1.17.jar:/Users/lblade/.m2/repository/org/springframework/boot/spring-boot-starter-tomcat/1.5.21.RELEASE/spring-boot-starter-tomcat-1.5.21.RELEASE.jar:/Users/lblade/.m2/repository/org/apache/tomcat/embed/tomcat-embed-core/8.5.40/tomcat-embed-core-8.5.40.jar:/Users/lblade/.m2/repository/org/apache/tomcat/tomcat-annotations-api/8.5.40/tomcat-annotations-api-8.5.40.jar:/Users/lblade/.m2/repository/org/apache/tomcat/embed/tomcat-embed-el/8.5.40/tomcat-embed-el-8.5.40.jar:/Users/lblade/.m2/repository/org/apache/tomcat/embed/tomcat-embed-websocket/8.5.40/tomcat-embed-websocket-8.5.40.jar:/Users/lblade/.m2/repository/org/hibernate/hibernate-validator/5.3.6.Final/hibernate-validator-5.3.6.Final.jar:/Users/lblade/.m2/repository/javax/validation/validation-api/1.1.0.Final/validation-api-1.1.0.Final.jar:/Users/lblade/.m2/repository/org/jboss/logging/jboss-logging/3.3.2.Final/jboss-logging-3.3.2.Final.jar:/Users/lblade/.m2/repository/com/fasterxml/classmate/1.3.4/classmate-1.3.4.jar:/Users/lblade/.m2/repository/com/fasterxml/jackson/core/jackson-databind/2.8.11.3/jackson-databind-2.8.11.3.jar:/Users/lblade/.m2/repository/com/fasterxml/jackson/core/jackson-annotations/2.8.0/jackson-annotations-2.8.0.jar:/Users/lblade/.m2/repository/com/fasterxml/jackson/core/jackson-core/2.8.11/jackson-core-2.8.11.jar:/Users/lblade/.m2/repository/org/springframework/spring-web/4.3.24.RELEASE/spring-web-4.3.24.RELEASE.jar:/Users/lblade/.m2/repository/org/springframework/spring-aop/4.3.24.RELEASE/spring-aop-4.3.24.RELEASE.jar:/Users/lblade/.m2/repository/org/springframework/spring-beans/4.3.24.RELEASE/spring-beans-4.3.24.RELEASE.jar:/Users/lblade/.m2/repository/org/springframework/spring-context/4.3.24.RELEASE/spring-context-4.3.24.RELEASE.jar:/Users/lblade/.m2/repository/org/springframework/spring-webmvc/4.3.24.RELEASE/spring-webmvc-4.3.24.RELEASE.jar:/Users/lblade/.m2/repository/org/springframework/spring-expression/4.3.24.RELEASE/spring-expression-4.3.24.RELEASE.jar:/Users/lblade/.m2/repository/org/springframework/cloud/spring-cloud-starter-eureka/1.4.7.RELEASE/spring-cloud-starter-eureka-1.4.7.RELEASE.jar:/Users/lblade/.m2/repository/org/springframework/cloud/spring-cloud-starter-netflix-eureka-client/1.4.7.RELEASE/spring-cloud-starter-netflix-eureka-client-1.4.7.RELEASE.jar:/Users/lblade/.m2/repository/org/springframework/cloud/spring-cloud-netflix-eureka-client/1.1.5.RELEASE/spring-cloud-netflix-eureka-client-1.1.5.RELEASE.jar:/Users/lblade/.m2/repository/com/netflix/eureka/eureka-client/1.4.10/eureka-client-1.4.10.jar:/Users/lblade/.m2/repository/org/codehaus/jettison/jettison/1.3.7/jettison-1.3.7.jar:/Users/lblade/.m2/repository/stax/stax-api/1.0.1/stax-api-1.0.1.jar:/Users/lblade/.m2/repository/com/netflix/netflix-commons/netflix-eventbus/0.3.0/netflix-eventbus-0.3.0.jar:/Users/lblade/.m2/repository/javax/ws/rs/jsr311-api/1.1.1/jsr311-api-1.1.1.jar:/Users/lblade/.m2/repository/com/sun/jersey/jersey-core/1.19.1/jersey-core-1.19.1.jar:/Users/lblade/.m2/repository/com/google/inject/guice/4.0/guice-4.0.jar:/Users/lblade/.m2/repository/aopalliance/aopalliance/1.0/aopalliance-1.0.jar:/Users/lblade/.m2/repository/com/netflix/governator/governator-api/1.12.10/governator-api-1.12.10.jar:/Users/lblade/.m2/repository/com/netflix/eureka/eureka-core/1.4.10/eureka-core-1.4.10.jar:/Users/lblade/.m2/repository/com/netflix/governator/governator/1.12.10/governator-1.12.10.jar:/Users/lblade/.m2/repository/com/netflix/governator/governator-core/1.12.10/governator-core-1.12.10.jar:/Users/lblade/.m2/repository/org/ow2/asm/asm/5.0.4/asm-5.0.4.jar:/Users/lblade/.m2/repository/org/codehaus/woodstox/woodstox-core-asl/4.4.1/woodstox-core-asl-4.4.1.jar:/Users/lblade/.m2/repository/javax/xml/stream/stax-api/1.0-2/stax-api-1.0-2.jar:/Users/lblade/.m2/repository/org/codehaus/woodstox/stax2-api/3.1.4/stax2-api-3.1.4.jar:/Users/lblade/.m2/repository/org/springframework/cloud/spring-cloud-starter-netflix-archaius/1.4.7.RELEASE/spring-cloud-starter-netflix-archaius-1.4.7.RELEASE.jar:/Users/lblade/.m2/repository/org/springframework/cloud/spring-cloud-starter-netflix-ribbon/1.4.7.RELEASE/spring-cloud-starter-netflix-ribbon-1.4.7.RELEASE.jar:/Users/lblade/.m2/repository/com/netflix/ribbon/ribbon-eureka/2.2.0/ribbon-eureka-2.2.0.jar:/Users/lblade/.m2/repository/com/thoughtworks/xstream/xstream/1.4.2/xstream-1.4.2.jar:/Users/lblade/.m2/repository/xmlpull/xmlpull/1.1.3.1/xmlpull-1.1.3.1.jar:/Users/lblade/.m2/repository/xpp3/xpp3_min/1.1.4c/xpp3_min-1.1.4c.jar:/Users/lblade/.m2/repository/org/springframework/boot/spring-boot-starter-test/1.5.21.RELEASE/spring-boot-starter-test-1.5.21.RELEASE.jar:/Users/lblade/.m2/repository/org/springframework/boot/spring-boot-test/1.5.21.RELEASE/spring-boot-test-1.5.21.RELEASE.jar:/Users/lblade/.m2/repository/org/springframework/boot/spring-boot-test-autoconfigure/1.5.21.RELEASE/spring-boot-test-autoconfigure-1.5.21.RELEASE.jar:/Users/lblade/.m2/repository/com/jayway/jsonpath/json-path/2.2.0/json-path-2.2.0.jar:/Users/lblade/.m2/repository/net/minidev/json-smart/2.2.1/json-smart-2.2.1.jar:/Users/lblade/.m2/repository/net/minidev/accessors-smart/1.1/accessors-smart-1.1.jar:/Users/lblade/.m2/repository/org/slf4j/slf4j-api/1.7.26/slf4j-api-1.7.26.jar:/Users/lblade/.m2/repository/org/assertj/assertj-core/2.6.0/assertj-core-2.6.0.jar:/Users/lblade/.m2/repository/org/mockito/mockito-core/1.10.19/mockito-core-1.10.19.jar:/Users/lblade/.m2/repository/org/objenesis/objenesis/2.1/objenesis-2.1.jar:/Users/lblade/.m2/repository/org/hamcrest/hamcrest-library/1.3/hamcrest-library-1.3.jar:/Users/lblade/.m2/repository/org/skyscreamer/jsonassert/1.4.0/jsonassert-1.4.0.jar:/Users/lblade/.m2/repository/com/vaadin/external/google/android-json/0.0.20131108.vaadin1/android-json-0.0.20131108.vaadin1.jar:/Users/lblade/.m2/repository/org/springframework/spring-core/4.3.24.RELEASE/spring-core-4.3.24.RELEASE.jar:/Users/lblade/.m2/repository/org/springframework/spring-test/4.3.24.RELEASE/spring-test-4.3.24.RELEASE.jar:/Users/lblade/.m2/repository/org/springframework/cloud/spring-cloud-starter-ribbon/1.1.5.RELEASE/spring-cloud-starter-ribbon-1.1.5.RELEASE.jar:/Users/lblade/.m2/repository/org/springframework/cloud/spring-cloud-starter/1.1.1.RELEASE/spring-cloud-starter-1.1.1.RELEASE.jar:/Users/lblade/.m2/repository/org/springframework/cloud/spring-cloud-context/1.1.1.RELEASE/spring-cloud-context-1.1.1.RELEASE.jar:/Users/lblade/.m2/repository/org/springframework/security/spring-security-crypto/4.2.12.RELEASE/spring-security-crypto-4.2.12.RELEASE.jar:/Users/lblade/.m2/repository/org/springframework/cloud/spring-cloud-commons/1.1.1.RELEASE/spring-cloud-commons-1.1.1.RELEASE.jar:/Users/lblade/.m2/repository/org/springframework/security/spring-security-rsa/1.0.1.RELEASE/spring-security-rsa-1.0.1.RELEASE.jar:/Users/lblade/.m2/repository/org/bouncycastle/bcpkix-jdk15on/1.47/bcpkix-jdk15on-1.47.jar:/Users/lblade/.m2/repository/org/bouncycastle/bcprov-jdk15on/1.47/bcprov-jdk15on-1.47.jar:/Users/lblade/.m2/repository/org/springframework/cloud/spring-cloud-netflix-core/1.1.5.RELEASE/spring-cloud-netflix-core-1.1.5.RELEASE.jar:/Users/lblade/.m2/repository/org/springframework/cloud/spring-cloud-starter-archaius/1.1.5.RELEASE/spring-cloud-starter-archaius-1.1.5.RELEASE.jar:/Users/lblade/.m2/repository/com/netflix/archaius/archaius-core/0.7.4/archaius-core-0.7.4.jar:/Users/lblade/.m2/repository/com/google/code/findbugs/jsr305/3.0.1/jsr305-3.0.1.jar:/Users/lblade/.m2/repository/commons-configuration/commons-configuration/1.8/commons-configuration-1.8.jar:/Users/lblade/.m2/repository/com/netflix/ribbon/ribbon/2.2.0/ribbon-2.2.0.jar:/Users/lblade/.m2/repository/com/netflix/ribbon/ribbon-transport/2.2.0/ribbon-transport-2.2.0.jar:/Users/lblade/.m2/repository/io/reactivex/rxnetty-contexts/0.4.9/rxnetty-contexts-0.4.9.jar:/Users/lblade/.m2/repository/io/reactivex/rxnetty-servo/0.4.9/rxnetty-servo-0.4.9.jar:/Users/lblade/.m2/repository/com/netflix/hystrix/hystrix-core/1.5.3/hystrix-core-1.5.3.jar:/Users/lblade/.m2/repository/org/hdrhistogram/HdrHistogram/2.1.7/HdrHistogram-2.1.7.jar:/Users/lblade/.m2/repository/javax/inject/javax.inject/1/javax.inject-1.jar:/Users/lblade/.m2/repository/io/reactivex/rxnetty/0.4.9/rxnetty-0.4.9.jar:/Users/lblade/.m2/repository/io/netty/netty-codec-http/4.0.27.Final/netty-codec-http-4.0.27.Final.jar:/Users/lblade/.m2/repository/io/netty/netty-codec/4.0.27.Final/netty-codec-4.0.27.Final.jar:/Users/lblade/.m2/repository/io/netty/netty-handler/4.0.27.Final/netty-handler-4.0.27.Final.jar:/Users/lblade/.m2/repository/io/netty/netty-transport-native-epoll/4.0.27.Final/netty-transport-native-epoll-4.0.27.Final.jar:/Users/lblade/.m2/repository/io/netty/netty-common/4.0.27.Final/netty-common-4.0.27.Final.jar:/Users/lblade/.m2/repository/io/netty/netty-buffer/4.0.27.Final/netty-buffer-4.0.27.Final.jar:/Users/lblade/.m2/repository/io/netty/netty-transport/4.0.27.Final/netty-transport-4.0.27.Final.jar:/Users/lblade/.m2/repository/com/netflix/ribbon/ribbon-core/2.2.0/ribbon-core-2.2.0.jar:/Users/lblade/.m2/repository/commons-lang/commons-lang/2.6/commons-lang-2.6.jar:/Users/lblade/.m2/repository/com/netflix/ribbon/ribbon-httpclient/2.2.0/ribbon-httpclient-2.2.0.jar:/Users/lblade/.m2/repository/commons-collections/commons-collections/3.2.2/commons-collections-3.2.2.jar:/Users/lblade/.m2/repository/org/apache/httpcomponents/httpclient/4.5.8/httpclient-4.5.8.jar:/Users/lblade/.m2/repository/org/apache/httpcomponents/httpcore/4.4.11/httpcore-4.4.11.jar:/Users/lblade/.m2/repository/commons-codec/commons-codec/1.10/commons-codec-1.10.jar:/Users/lblade/.m2/repository/com/sun/jersey/jersey-client/1.19.1/jersey-client-1.19.1.jar:/Users/lblade/.m2/repository/com/sun/jersey/contribs/jersey-apache-client4/1.19.1/jersey-apache-client4-1.19.1.jar:/Users/lblade/.m2/repository/com/netflix/servo/servo-core/0.10.1/servo-core-0.10.1.jar:/Users/lblade/.m2/repository/com/netflix/servo/servo-internal/0.10.1/servo-internal-0.10.1.jar:/Users/lblade/.m2/repository/com/netflix/netflix-commons/netflix-commons-util/0.1.1/netflix-commons-util-0.1.1.jar:/Users/lblade/.m2/repository/com/netflix/ribbon/ribbon-loadbalancer/2.2.0/ribbon-loadbalancer-2.2.0.jar:/Users/lblade/.m2/repository/com/netflix/netflix-commons/netflix-statistics/0.1.1/netflix-statistics-0.1.1.jar:/Users/lblade/.m2/repository/io/reactivex/rxjava/1.1.5/rxjava-1.1.5.jar:/Users/lblade/.m2/repository/com/amazonaws/aws-java-sdk/1.11.18/aws-java-sdk-1.11.18.jar:/Users/lblade/.m2/repository/com/amazonaws/aws-java-sdk-support/1.11.18/aws-java-sdk-support-1.11.18.jar:/Users/lblade/.m2/repository/com/amazonaws/aws-java-sdk-simpledb/1.11.18/aws-java-sdk-simpledb-1.11.18.jar:/Users/lblade/.m2/repository/com/amazonaws/aws-java-sdk-servicecatalog/1.11.18/aws-java-sdk-servicecatalog-1.11.18.jar:/Users/lblade/.m2/repository/com/amazonaws/aws-java-sdk-simpleworkflow/1.11.18/aws-java-sdk-simpleworkflow-1.11.18.jar:/Users/lblade/.m2/repository/com/amazonaws/aws-java-sdk-storagegateway/1.11.18/aws-java-sdk-storagegateway-1.11.18.jar:/Users/lblade/.m2/repository/com/amazonaws/aws-java-sdk-route53/1.11.18/aws-java-sdk-route53-1.11.18.jar:/Users/lblade/.m2/repository/com/amazonaws/aws-java-sdk-s3/1.11.18/aws-java-sdk-s3-1.11.18.jar:/Users/lblade/.m2/repository/com/amazonaws/aws-java-sdk-importexport/1.11.18/aws-java-sdk-importexport-1.11.18.jar:/Users/lblade/.m2/repository/com/amazonaws/aws-java-sdk-sts/1.11.18/aws-java-sdk-sts-1.11.18.jar:/Users/lblade/.m2/repository/com/amazonaws/aws-java-sdk-sqs/1.11.18/aws-java-sdk-sqs-1.11.18.jar:/Users/lblade/.m2/repository/com/amazonaws/aws-java-sdk-rds/1.11.18/aws-java-sdk-rds-1.11.18.jar:/Users/lblade/.m2/repository/com/amazonaws/aws-java-sdk-redshift/1.11.18/aws-java-sdk-redshift-1.11.18.jar:/Users/lblade/.m2/repository/com/amazonaws/aws-java-sdk-elasticbeanstalk/1.11.18/aws-java-sdk-elasticbeanstalk-1.11.18.jar:/Users/lblade/.m2/repository/com/amazonaws/aws-java-sdk-glacier/1.11.18/aws-java-sdk-glacier-1.11.18.jar:/Users/lblade/.m2/repository/com/amazonaws/aws-java-sdk-iam/1.11.18/aws-java-sdk-iam-1.11.18.jar:/Users/lblade/.m2/repository/com/amazonaws/aws-java-sdk-datapipeline/1.11.18/aws-java-sdk-datapipeline-1.11.18.jar:/Users/lblade/.m2/repository/com/amazonaws/aws-java-sdk-elasticloadbalancing/1.11.18/aws-java-sdk-elasticloadbalancing-1.11.18.jar:/Users/lblade/.m2/repository/com/amazonaws/aws-java-sdk-emr/1.11.18/aws-java-sdk-emr-1.11.18.jar:/Users/lblade/.m2/repository/com/amazonaws/aws-java-sdk-elasticache/1.11.18/aws-java-sdk-elasticache-1.11.18.jar:/Users/lblade/.m2/repository/com/amazonaws/aws-java-sdk-elastictranscoder/1.11.18/aws-java-sdk-elastictranscoder-1.11.18.jar:/Users/lblade/.m2/repository/com/amazonaws/aws-java-sdk-ec2/1.11.18/aws-java-sdk-ec2-1.11.18.jar:/Users/lblade/.m2/repository/com/amazonaws/aws-java-sdk-dynamodb/1.11.18/aws-java-sdk-dynamodb-1.11.18.jar:/Users/lblade/.m2/repository/com/amazonaws/aws-java-sdk-sns/1.11.18/aws-java-sdk-sns-1.11.18.jar:/Users/lblade/.m2/repository/com/amazonaws/aws-java-sdk-cloudtrail/1.11.18/aws-java-sdk-cloudtrail-1.11.18.jar:/Users/lblade/.m2/repository/com/amazonaws/aws-java-sdk-cloudwatch/1.11.18/aws-java-sdk-cloudwatch-1.11.18.jar:/Users/lblade/.m2/repository/com/amazonaws/aws-java-sdk-logs/1.11.18/aws-java-sdk-logs-1.11.18.jar:/Users/lblade/.m2/repository/com/amazonaws/aws-java-sdk-events/1.11.18/aws-java-sdk-events-1.11.18.jar:/Users/lblade/.m2/repository/com/amazonaws/aws-java-sdk-cognitoidentity/1.11.18/aws-java-sdk-cognitoidentity-1.11.18.jar:/Users/lblade/.m2/repository/com/amazonaws/aws-java-sdk-cognitosync/1.11.18/aws-java-sdk-cognitosync-1.11.18.jar:/Users/lblade/.m2/repository/com/amazonaws/aws-java-sdk-directconnect/1.11.18/aws-java-sdk-directconnect-1.11.18.jar:/Users/lblade/.m2/repository/com/amazonaws/aws-java-sdk-cloudformation/1.11.18/aws-java-sdk-cloudformation-1.11.18.jar:/Users/lblade/.m2/repository/com/amazonaws/aws-java-sdk-cloudfront/1.11.18/aws-java-sdk-cloudfront-1.11.18.jar:/Users/lblade/.m2/repository/com/amazonaws/aws-java-sdk-kinesis/1.11.18/aws-java-sdk-kinesis-1.11.18.jar:/Users/lblade/.m2/repository/com/amazonaws/aws-java-sdk-opsworks/1.11.18/aws-java-sdk-opsworks-1.11.18.jar:/Users/lblade/.m2/repository/com/amazonaws/aws-java-sdk-ses/1.11.18/aws-java-sdk-ses-1.11.18.jar:/Users/lblade/.m2/repository/com/amazonaws/aws-java-sdk-autoscaling/1.11.18/aws-java-sdk-autoscaling-1.11.18.jar:/Users/lblade/.m2/repository/com/amazonaws/aws-java-sdk-cloudsearch/1.11.18/aws-java-sdk-cloudsearch-1.11.18.jar:/Users/lblade/.m2/repository/com/amazonaws/aws-java-sdk-cloudwatchmetrics/1.11.18/aws-java-sdk-cloudwatchmetrics-1.11.18.jar:/Users/lblade/.m2/repository/com/amazonaws/aws-java-sdk-swf-libraries/1.11.18/aws-java-sdk-swf-libraries-1.11.18.jar:/Users/lblade/.m2/repository/com/amazonaws/aws-java-sdk-codedeploy/1.11.18/aws-java-sdk-codedeploy-1.11.18.jar:/Users/lblade/.m2/repository/com/amazonaws/aws-java-sdk-codepipeline/1.11.18/aws-java-sdk-codepipeline-1.11.18.jar:/Users/lblade/.m2/repository/com/amazonaws/aws-java-sdk-kms/1.11.18/aws-java-sdk-kms-1.11.18.jar:/Users/lblade/.m2/repository/com/amazonaws/aws-java-sdk-config/1.11.18/aws-java-sdk-config-1.11.18.jar:/Users/lblade/.m2/repository/com/amazonaws/aws-java-sdk-lambda/1.11.18/aws-java-sdk-lambda-1.11.18.jar:/Users/lblade/.m2/repository/com/amazonaws/aws-java-sdk-ecs/1.11.18/aws-java-sdk-ecs-1.11.18.jar:/Users/lblade/.m2/repository/com/amazonaws/aws-java-sdk-ecr/1.11.18/aws-java-sdk-ecr-1.11.18.jar:/Users/lblade/.m2/repository/com/amazonaws/aws-java-sdk-cloudhsm/1.11.18/aws-java-sdk-cloudhsm-1.11.18.jar:/Users/lblade/.m2/repository/com/amazonaws/aws-java-sdk-ssm/1.11.18/aws-java-sdk-ssm-1.11.18.jar:/Users/lblade/.m2/repository/com/amazonaws/aws-java-sdk-workspaces/1.11.18/aws-java-sdk-workspaces-1.11.18.jar:/Users/lblade/.m2/repository/com/amazonaws/aws-java-sdk-machinelearning/1.11.18/aws-java-sdk-machinelearning-1.11.18.jar:/Users/lblade/.m2/repository/com/amazonaws/aws-java-sdk-directory/1.11.18/aws-java-sdk-directory-1.11.18.jar:/Users/lblade/.m2/repository/com/amazonaws/aws-java-sdk-efs/1.11.18/aws-java-sdk-efs-1.11.18.jar:/Users/lblade/.m2/repository/com/amazonaws/aws-java-sdk-codecommit/1.11.18/aws-java-sdk-codecommit-1.11.18.jar:/Users/lblade/.m2/repository/com/amazonaws/aws-java-sdk-devicefarm/1.11.18/aws-java-sdk-devicefarm-1.11.18.jar:/Users/lblade/.m2/repository/com/amazonaws/aws-java-sdk-elasticsearch/1.11.18/aws-java-sdk-elasticsearch-1.11.18.jar:/Users/lblade/.m2/repository/com/amazonaws/aws-java-sdk-waf/1.11.18/aws-java-sdk-waf-1.11.18.jar:/Users/lblade/.m2/repository/com/amazonaws/aws-java-sdk-marketplacecommerceanalytics/1.11.18/aws-java-sdk-marketplacecommerceanalytics-1.11.18.jar:/Users/lblade/.m2/repository/com/amazonaws/aws-java-sdk-inspector/1.11.18/aws-java-sdk-inspector-1.11.18.jar:/Users/lblade/.m2/repository/com/amazonaws/aws-java-sdk-iot/1.11.18/aws-java-sdk-iot-1.11.18.jar:/Users/lblade/.m2/repository/com/amazonaws/aws-java-sdk-api-gateway/1.11.18/aws-java-sdk-api-gateway-1.11.18.jar:/Users/lblade/.m2/repository/com/amazonaws/aws-java-sdk-acm/1.11.18/aws-java-sdk-acm-1.11.18.jar:/Users/lblade/.m2/repository/com/amazonaws/aws-java-sdk-gamelift/1.11.18/aws-java-sdk-gamelift-1.11.18.jar:/Users/lblade/.m2/repository/com/amazonaws/aws-java-sdk-dms/1.11.18/aws-java-sdk-dms-1.11.18.jar:/Users/lblade/.m2/repository/com/amazonaws/aws-java-sdk-marketplacemeteringservice/1.11.18/aws-java-sdk-marketplacemeteringservice-1.11.18.jar:/Users/lblade/.m2/repository/com/amazonaws/aws-java-sdk-cognitoidp/1.11.18/aws-java-sdk-cognitoidp-1.11.18.jar:/Users/lblade/.m2/repository/com/amazonaws/aws-java-sdk-discovery/1.11.18/aws-java-sdk-discovery-1.11.18.jar:/Users/lblade/.m2/repository/com/amazonaws/aws-java-sdk-applicationautoscaling/1.11.18/aws-java-sdk-applicationautoscaling-1.11.18.jar:/Users/lblade/.m2/repository/com/amazonaws/aws-java-sdk-core/1.11.18/aws-java-sdk-core-1.11.18.jar:/Users/lblade/.m2/repository/commons-logging/commons-logging/1.1.3/commons-logging-1.1.3.jar:/Users/lblade/.m2/repository/com/fasterxml/jackson/dataformat/jackson-dataformat-cbor/2.8.11/jackson-dataformat-cbor-2.8.11.jar:/Users/lblade/.m2/repository/javax/xml/bind/jaxb-api/2.3.0/jaxb-api-2.3.0.jar:/Users/lblade/.m2/repository/com/sun/xml/bind/jaxb-impl/2.3.0/jaxb-impl-2.3.0.jar:/Users/lblade/.m2/repository/org/glassfish/jaxb/jaxb-runtime/2.3.0/jaxb-runtime-2.3.0.jar:/Users/lblade/.m2/repository/org/glassfish/jaxb/jaxb-core/2.3.0/jaxb-core-2.3.0.jar:/Users/lblade/.m2/repository/org/glassfish/jaxb/txw2/2.3.0/txw2-2.3.0.jar:/Users/lblade/.m2/repository/com/sun/istack/istack-commons-runtime/3.0.5/istack-commons-runtime-3.0.5.jar:/Users/lblade/.m2/repository/org/jvnet/staxex/stax-ex/1.7.8/stax-ex-1.7.8.jar:/Users/lblade/.m2/repository/com/sun/xml/fastinfoset/FastInfoset/1.2.13/FastInfoset-1.2.13.jar:/Users/lblade/.m2/repository/javax/activation/activation/1.1.1/activation-1.1.1.jar:/Users/lblade/.m2/repository/joda-time/joda-time/2.9.9/joda-time-2.9.9.jar:/Users/lblade/.m2/repository/org/apache/commons/commons-lang3/3.8.1/commons-lang3-3.8.1.jar:"/>
    <property name="java.vm.vendor" value="&quot;Oracle Corporation&quot;"/>
    <property name="sun.arch.data.model" value="64"/>
    <property name="java.vendor.url" value="http://java.oracle.com/"/>
    <property name="user.timezone" value=""/>
    <property name="java.vm.specification.version" value="10"/>
    <property name="os.name" value="Mac OS X"/>
    <property name="sun.java.launcher" value="SUN_STANDARD"/>
    <property name="user.country" value="CN"/>
    <property name="sun.boot.library.path" value="/Library/Java/JavaVirtualMachines/jdk-10.0.1.jdk/Contents/Home/lib"/>
    <property name="sun.java.command" value="/Users/lblade/paper/system/migration_eureka_client/target/surefire/surefirebooter5257813045976650101.jar /Users/lblade/paper/system/migration_eureka_client/target/surefire 2021-05-25T22-43-14_014-jvmRun1 surefire5854473316477605845tmp surefire_017316949982118166605tmp"/>
    <property name="jdk.debug" value="release"/>
    <property name="surefire.test.class.path" value="/Users/lblade/paper/system/migration_eureka_client/target/test-classes:/Users/lblade/paper/system/migration_eureka_client/target/classes:/Users/lblade/.m2/repository/junit/junit/4.11/junit-4.11.jar:/Users/lblade/.m2/repository/org/hamcrest/hamcrest-core/1.3/hamcrest-core-1.3.jar:/Users/lblade/.m2/repository/com/google/guava/guava/18.0/guava-18.0.jar:/Users/lblade/.m2/repository/org/springframework/boot/spring-boot-starter-web/1.5.21.RELEASE/spring-boot-starter-web-1.5.21.RELEASE.jar:/Users/lblade/.m2/repository/org/springframework/boot/spring-boot-starter/1.5.21.RELEASE/spring-boot-starter-1.5.21.RELEASE.jar:/Users/lblade/.m2/repository/org/springframework/boot/spring-boot/1.5.21.RELEASE/spring-boot-1.5.21.RELEASE.jar:/Users/lblade/.m2/repository/org/springframework/boot/spring-boot-autoconfigure/1.5.21.RELEASE/spring-boot-autoconfigure-1.5.21.RELEASE.jar:/Users/lblade/.m2/repository/org/springframework/boot/spring-boot-starter-logging/1.5.21.RELEASE/spring-boot-starter-logging-1.5.21.RELEASE.jar:/Users/lblade/.m2/repository/ch/qos/logback/logback-classic/1.1.11/logback-classic-1.1.11.jar:/Users/lblade/.m2/repository/ch/qos/logback/logback-core/1.1.11/logback-core-1.1.11.jar:/Users/lblade/.m2/repository/org/slf4j/jcl-over-slf4j/1.7.26/jcl-over-slf4j-1.7.26.jar:/Users/lblade/.m2/repository/org/slf4j/jul-to-slf4j/1.7.26/jul-to-slf4j-1.7.26.jar:/Users/lblade/.m2/repository/org/slf4j/log4j-over-slf4j/1.7.26/log4j-over-slf4j-1.7.26.jar:/Users/lblade/.m2/repository/org/yaml/snakeyaml/1.17/snakeyaml-1.17.jar:/Users/lblade/.m2/repository/org/springframework/boot/spring-boot-starter-tomcat/1.5.21.RELEASE/spring-boot-starter-tomcat-1.5.21.RELEASE.jar:/Users/lblade/.m2/repository/org/apache/tomcat/embed/tomcat-embed-core/8.5.40/tomcat-embed-core-8.5.40.jar:/Users/lblade/.m2/repository/org/apache/tomcat/tomcat-annotations-api/8.5.40/tomcat-annotations-api-8.5.40.jar:/Users/lblade/.m2/repository/org/apache/tomcat/embed/tomcat-embed-el/8.5.40/tomcat-embed-el-8.5.40.jar:/Users/lblade/.m2/repository/org/apache/tomcat/embed/tomcat-embed-websocket/8.5.40/tomcat-embed-websocket-8.5.40.jar:/Users/lblade/.m2/repository/org/hibernate/hibernate-validator/5.3.6.Final/hibernate-validator-5.3.6.Final.jar:/Users/lblade/.m2/repository/javax/validation/validation-api/1.1.0.Final/validation-api-1.1.0.Final.jar:/Users/lblade/.m2/repository/org/jboss/logging/jboss-logging/3.3.2.Final/jboss-logging-3.3.2.Final.jar:/Users/lblade/.m2/repository/com/fasterxml/classmate/1.3.4/classmate-1.3.4.jar:/Users/lblade/.m2/repository/com/fasterxml/jackson/core/jackson-databind/2.8.11.3/jackson-databind-2.8.11.3.jar:/Users/lblade/.m2/repository/com/fasterxml/jackson/core/jackson-annotations/2.8.0/jackson-annotations-2.8.0.jar:/Users/lblade/.m2/repository/com/fasterxml/jackson/core/jackson-core/2.8.11/jackson-core-2.8.11.jar:/Users/lblade/.m2/repository/org/springframework/spring-web/4.3.24.RELEASE/spring-web-4.3.24.RELEASE.jar:/Users/lblade/.m2/repository/org/springframework/spring-aop/4.3.24.RELEASE/spring-aop-4.3.24.RELEASE.jar:/Users/lblade/.m2/repository/org/springframework/spring-beans/4.3.24.RELEASE/spring-beans-4.3.24.RELEASE.jar:/Users/lblade/.m2/repository/org/springframework/spring-context/4.3.24.RELEASE/spring-context-4.3.24.RELEASE.jar:/Users/lblade/.m2/repository/org/springframework/spring-webmvc/4.3.24.RELEASE/spring-webmvc-4.3.24.RELEASE.jar:/Users/lblade/.m2/repository/org/springframework/spring-expression/4.3.24.RELEASE/spring-expression-4.3.24.RELEASE.jar:/Users/lblade/.m2/repository/org/springframework/cloud/spring-cloud-starter-eureka/1.4.7.RELEASE/spring-cloud-starter-eureka-1.4.7.RELEASE.jar:/Users/lblade/.m2/repository/org/springframework/cloud/spring-cloud-starter-netflix-eureka-client/1.4.7.RELEASE/spring-cloud-starter-netflix-eureka-client-1.4.7.RELEASE.jar:/Users/lblade/.m2/repository/org/springframework/cloud/spring-cloud-netflix-eureka-client/1.1.5.RELEASE/spring-cloud-netflix-eureka-client-1.1.5.RELEASE.jar:/Users/lblade/.m2/repository/com/netflix/eureka/eureka-client/1.4.10/eureka-client-1.4.10.jar:/Users/lblade/.m2/repository/org/codehaus/jettison/jettison/1.3.7/jettison-1.3.7.jar:/Users/lblade/.m2/repository/stax/stax-api/1.0.1/stax-api-1.0.1.jar:/Users/lblade/.m2/repository/com/netflix/netflix-commons/netflix-eventbus/0.3.0/netflix-eventbus-0.3.0.jar:/Users/lblade/.m2/repository/javax/ws/rs/jsr311-api/1.1.1/jsr311-api-1.1.1.jar:/Users/lblade/.m2/repository/com/sun/jersey/jersey-core/1.19.1/jersey-core-1.19.1.jar:/Users/lblade/.m2/repository/com/google/inject/guice/4.0/guice-4.0.jar:/Users/lblade/.m2/repository/aopalliance/aopalliance/1.0/aopalliance-1.0.jar:/Users/lblade/.m2/repository/com/netflix/governator/governator-api/1.12.10/governator-api-1.12.10.jar:/Users/lblade/.m2/repository/com/netflix/eureka/eureka-core/1.4.10/eureka-core-1.4.10.jar:/Users/lblade/.m2/repository/com/netflix/governator/governator/1.12.10/governator-1.12.10.jar:/Users/lblade/.m2/repository/com/netflix/governator/governator-core/1.12.10/governator-core-1.12.10.jar:/Users/lblade/.m2/repository/org/ow2/asm/asm/5.0.4/asm-5.0.4.jar:/Users/lblade/.m2/repository/org/codehaus/woodstox/woodstox-core-asl/4.4.1/woodstox-core-asl-4.4.1.jar:/Users/lblade/.m2/repository/javax/xml/stream/stax-api/1.0-2/stax-api-1.0-2.jar:/Users/lblade/.m2/repository/org/codehaus/woodstox/stax2-api/3.1.4/stax2-api-3.1.4.jar:/Users/lblade/.m2/repository/org/springframework/cloud/spring-cloud-starter-netflix-archaius/1.4.7.RELEASE/spring-cloud-starter-netflix-archaius-1.4.7.RELEASE.jar:/Users/lblade/.m2/repository/org/springframework/cloud/spring-cloud-starter-netflix-ribbon/1.4.7.RELEASE/spring-cloud-starter-netflix-ribbon-1.4.7.RELEASE.jar:/Users/lblade/.m2/repository/com/netflix/ribbon/ribbon-eureka/2.2.0/ribbon-eureka-2.2.0.jar:/Users/lblade/.m2/repository/com/thoughtworks/xstream/xstream/1.4.2/xstream-1.4.2.jar:/Users/lblade/.m2/repository/xmlpull/xmlpull/1.1.3.1/xmlpull-1.1.3.1.jar:/Users/lblade/.m2/repository/xpp3/xpp3_min/1.1.4c/xpp3_min-1.1.4c.jar:/Users/lblade/.m2/repository/org/springframework/boot/spring-boot-starter-test/1.5.21.RELEASE/spring-boot-starter-test-1.5.21.RELEASE.jar:/Users/lblade/.m2/repository/org/springframework/boot/spring-boot-test/1.5.21.RELEASE/spring-boot-test-1.5.21.RELEASE.jar:/Users/lblade/.m2/repository/org/springframework/boot/spring-boot-test-autoconfigure/1.5.21.RELEASE/spring-boot-test-autoconfigure-1.5.21.RELEASE.jar:/Users/lblade/.m2/repository/com/jayway/jsonpath/json-path/2.2.0/json-path-2.2.0.jar:/Users/lblade/.m2/repository/net/minidev/json-smart/2.2.1/json-smart-2.2.1.jar:/Users/lblade/.m2/repository/net/minidev/accessors-smart/1.1/accessors-smart-1.1.jar:/Users/lblade/.m2/repository/org/slf4j/slf4j-api/1.7.26/slf4j-api-1.7.26.jar:/Users/lblade/.m2/repository/org/assertj/assertj-core/2.6.0/assertj-core-2.6.0.jar:/Users/lblade/.m2/repository/org/mockito/mockito-core/1.10.19/mockito-core-1.10.19.jar:/Users/lblade/.m2/repository/org/objenesis/objenesis/2.1/objenesis-2.1.jar:/Users/lblade/.m2/repository/org/hamcrest/hamcrest-library/1.3/hamcrest-library-1.3.jar:/Users/lblade/.m2/repository/org/skyscreamer/jsonassert/1.4.0/jsonassert-1.4.0.jar:/Users/lblade/.m2/repository/com/vaadin/external/google/android-json/0.0.20131108.vaadin1/android-json-0.0.20131108.vaadin1.jar:/Users/lblade/.m2/repository/org/springframework/spring-core/4.3.24.RELEASE/spring-core-4.3.24.RELEASE.jar:/Users/lblade/.m2/repository/org/springframework/spring-test/4.3.24.RELEASE/spring-test-4.3.24.RELEASE.jar:/Users/lblade/.m2/repository/org/springframework/cloud/spring-cloud-starter-ribbon/1.1.5.RELEASE/spring-cloud-starter-ribbon-1.1.5.RELEASE.jar:/Users/lblade/.m2/repository/org/springframework/cloud/spring-cloud-starter/1.1.1.RELEASE/spring-cloud-starter-1.1.1.RELEASE.jar:/Users/lblade/.m2/repository/org/springframework/cloud/spring-cloud-context/1.1.1.RELEASE/spring-cloud-context-1.1.1.RELEASE.jar:/Users/lblade/.m2/repository/org/springframework/security/spring-security-crypto/4.2.12.RELEASE/spring-security-crypto-4.2.12.RELEASE.jar:/Users/lblade/.m2/repository/org/springframework/cloud/spring-cloud-commons/1.1.1.RELEASE/spring-cloud-commons-1.1.1.RELEASE.jar:/Users/lblade/.m2/repository/org/springframework/security/spring-security-rsa/1.0.1.RELEASE/spring-security-rsa-1.0.1.RELEASE.jar:/Users/lblade/.m2/repository/org/bouncycastle/bcpkix-jdk15on/1.47/bcpkix-jdk15on-1.47.jar:/Users/lblade/.m2/repository/org/bouncycastle/bcprov-jdk15on/1.47/bcprov-jdk15on-1.47.jar:/Users/lblade/.m2/repository/org/springframework/cloud/spring-cloud-netflix-core/1.1.5.RELEASE/spring-cloud-netflix-core-1.1.5.RELEASE.jar:/Users/lblade/.m2/repository/org/springframework/cloud/spring-cloud-starter-archaius/1.1.5.RELEASE/spring-cloud-starter-archaius-1.1.5.RELEASE.jar:/Users/lblade/.m2/repository/com/netflix/archaius/archaius-core/0.7.4/archaius-core-0.7.4.jar:/Users/lblade/.m2/repository/com/google/code/findbugs/jsr305/3.0.1/jsr305-3.0.1.jar:/Users/lblade/.m2/repository/commons-configuration/commons-configuration/1.8/commons-configuration-1.8.jar:/Users/lblade/.m2/repository/com/netflix/ribbon/ribbon/2.2.0/ribbon-2.2.0.jar:/Users/lblade/.m2/repository/com/netflix/ribbon/ribbon-transport/2.2.0/ribbon-transport-2.2.0.jar:/Users/lblade/.m2/repository/io/reactivex/rxnetty-contexts/0.4.9/rxnetty-contexts-0.4.9.jar:/Users/lblade/.m2/repository/io/reactivex/rxnetty-servo/0.4.9/rxnetty-servo-0.4.9.jar:/Users/lblade/.m2/repository/com/netflix/hystrix/hystrix-core/1.5.3/hystrix-core-1.5.3.jar:/Users/lblade/.m2/repository/org/hdrhistogram/HdrHistogram/2.1.7/HdrHistogram-2.1.7.jar:/Users/lblade/.m2/repository/javax/inject/javax.inject/1/javax.inject-1.jar:/Users/lblade/.m2/repository/io/reactivex/rxnetty/0.4.9/rxnetty-0.4.9.jar:/Users/lblade/.m2/repository/io/netty/netty-codec-http/4.0.27.Final/netty-codec-http-4.0.27.Final.jar:/Users/lblade/.m2/repository/io/netty/netty-codec/4.0.27.Final/netty-codec-4.0.27.Final.jar:/Users/lblade/.m2/repository/io/netty/netty-handler/4.0.27.Final/netty-handler-4.0.27.Final.jar:/Users/lblade/.m2/repository/io/netty/netty-transport-native-epoll/4.0.27.Final/netty-transport-native-epoll-4.0.27.Final.jar:/Users/lblade/.m2/repository/io/netty/netty-common/4.0.27.Final/netty-common-4.0.27.Final.jar:/Users/lblade/.m2/repository/io/netty/netty-buffer/4.0.27.Final/netty-buffer-4.0.27.Final.jar:/Users/lblade/.m2/repository/io/netty/netty-transport/4.0.27.Final/netty-transport-4.0.27.Final.jar:/Users/lblade/.m2/repository/com/netflix/ribbon/ribbon-core/2.2.0/ribbon-core-2.2.0.jar:/Users/lblade/.m2/repository/commons-lang/commons-lang/2.6/commons-lang-2.6.jar:/Users/lblade/.m2/repository/com/netflix/ribbon/ribbon-httpclient/2.2.0/ribbon-httpclient-2.2.0.jar:/Users/lblade/.m2/repository/commons-collections/commons-collections/3.2.2/commons-collections-3.2.2.jar:/Users/lblade/.m2/repository/org/apache/httpcomponents/httpclient/4.5.8/httpclient-4.5.8.jar:/Users/lblade/.m2/repository/org/apache/httpcomponents/httpcore/4.4.11/httpcore-4.4.11.jar:/Users/lblade/.m2/repository/commons-codec/commons-codec/1.10/commons-codec-1.10.jar:/Users/lblade/.m2/repository/com/sun/jersey/jersey-client/1.19.1/jersey-client-1.19.1.jar:/Users/lblade/.m2/repository/com/sun/jersey/contribs/jersey-apache-client4/1.19.1/jersey-apache-client4-1.19.1.jar:/Users/lblade/.m2/repository/com/netflix/servo/servo-core/0.10.1/servo-core-0.10.1.jar:/Users/lblade/.m2/repository/com/netflix/servo/servo-internal/0.10.1/servo-internal-0.10.1.jar:/Users/lblade/.m2/repository/com/netflix/netflix-commons/netflix-commons-util/0.1.1/netflix-commons-util-0.1.1.jar:/Users/lblade/.m2/repository/com/netflix/ribbon/ribbon-loadbalancer/2.2.0/ribbon-loadbalancer-2.2.0.jar:/Users/lblade/.m2/repository/com/netflix/netflix-commons/netflix-statistics/0.1.1/netflix-statistics-0.1.1.jar:/Users/lblade/.m2/repository/io/reactivex/rxjava/1.1.5/rxjava-1.1.5.jar:/Users/lblade/.m2/repository/com/amazonaws/aws-java-sdk/1.11.18/aws-java-sdk-1.11.18.jar:/Users/lblade/.m2/repository/com/amazonaws/aws-java-sdk-support/1.11.18/aws-java-sdk-support-1.11.18.jar:/Users/lblade/.m2/repository/com/amazonaws/aws-java-sdk-simpledb/1.11.18/aws-java-sdk-simpledb-1.11.18.jar:/Users/lblade/.m2/repository/com/amazonaws/aws-java-sdk-servicecatalog/1.11.18/aws-java-sdk-servicecatalog-1.11.18.jar:/Users/lblade/.m2/repository/com/amazonaws/aws-java-sdk-simpleworkflow/1.11.18/aws-java-sdk-simpleworkflow-1.11.18.jar:/Users/lblade/.m2/repository/com/amazonaws/aws-java-sdk-storagegateway/1.11.18/aws-java-sdk-storagegateway-1.11.18.jar:/Users/lblade/.m2/repository/com/amazonaws/aws-java-sdk-route53/1.11.18/aws-java-sdk-route53-1.11.18.jar:/Users/lblade/.m2/repository/com/amazonaws/aws-java-sdk-s3/1.11.18/aws-java-sdk-s3-1.11.18.jar:/Users/lblade/.m2/repository/com/amazonaws/aws-java-sdk-importexport/1.11.18/aws-java-sdk-importexport-1.11.18.jar:/Users/lblade/.m2/repository/com/amazonaws/aws-java-sdk-sts/1.11.18/aws-java-sdk-sts-1.11.18.jar:/Users/lblade/.m2/repository/com/amazonaws/aws-java-sdk-sqs/1.11.18/aws-java-sdk-sqs-1.11.18.jar:/Users/lblade/.m2/repository/com/amazonaws/aws-java-sdk-rds/1.11.18/aws-java-sdk-rds-1.11.18.jar:/Users/lblade/.m2/repository/com/amazonaws/aws-java-sdk-redshift/1.11.18/aws-java-sdk-redshift-1.11.18.jar:/Users/lblade/.m2/repository/com/amazonaws/aws-java-sdk-elasticbeanstalk/1.11.18/aws-java-sdk-elasticbeanstalk-1.11.18.jar:/Users/lblade/.m2/repository/com/amazonaws/aws-java-sdk-glacier/1.11.18/aws-java-sdk-glacier-1.11.18.jar:/Users/lblade/.m2/repository/com/amazonaws/aws-java-sdk-iam/1.11.18/aws-java-sdk-iam-1.11.18.jar:/Users/lblade/.m2/repository/com/amazonaws/aws-java-sdk-datapipeline/1.11.18/aws-java-sdk-datapipeline-1.11.18.jar:/Users/lblade/.m2/repository/com/amazonaws/aws-java-sdk-elasticloadbalancing/1.11.18/aws-java-sdk-elasticloadbalancing-1.11.18.jar:/Users/lblade/.m2/repository/com/amazonaws/aws-java-sdk-emr/1.11.18/aws-java-sdk-emr-1.11.18.jar:/Users/lblade/.m2/repository/com/amazonaws/aws-java-sdk-elasticache/1.11.18/aws-java-sdk-elasticache-1.11.18.jar:/Users/lblade/.m2/repository/com/amazonaws/aws-java-sdk-elastictranscoder/1.11.18/aws-java-sdk-elastictranscoder-1.11.18.jar:/Users/lblade/.m2/repository/com/amazonaws/aws-java-sdk-ec2/1.11.18/aws-java-sdk-ec2-1.11.18.jar:/Users/lblade/.m2/repository/com/amazonaws/aws-java-sdk-dynamodb/1.11.18/aws-java-sdk-dynamodb-1.11.18.jar:/Users/lblade/.m2/repository/com/amazonaws/aws-java-sdk-sns/1.11.18/aws-java-sdk-sns-1.11.18.jar:/Users/lblade/.m2/repository/com/amazonaws/aws-java-sdk-cloudtrail/1.11.18/aws-java-sdk-cloudtrail-1.11.18.jar:/Users/lblade/.m2/repository/com/amazonaws/aws-java-sdk-cloudwatch/1.11.18/aws-java-sdk-cloudwatch-1.11.18.jar:/Users/lblade/.m2/repository/com/amazonaws/aws-java-sdk-logs/1.11.18/aws-java-sdk-logs-1.11.18.jar:/Users/lblade/.m2/repository/com/amazonaws/aws-java-sdk-events/1.11.18/aws-java-sdk-events-1.11.18.jar:/Users/lblade/.m2/repository/com/amazonaws/aws-java-sdk-cognitoidentity/1.11.18/aws-java-sdk-cognitoidentity-1.11.18.jar:/Users/lblade/.m2/repository/com/amazonaws/aws-java-sdk-cognitosync/1.11.18/aws-java-sdk-cognitosync-1.11.18.jar:/Users/lblade/.m2/repository/com/amazonaws/aws-java-sdk-directconnect/1.11.18/aws-java-sdk-directconnect-1.11.18.jar:/Users/lblade/.m2/repository/com/amazonaws/aws-java-sdk-cloudformation/1.11.18/aws-java-sdk-cloudformation-1.11.18.jar:/Users/lblade/.m2/repository/com/amazonaws/aws-java-sdk-cloudfront/1.11.18/aws-java-sdk-cloudfront-1.11.18.jar:/Users/lblade/.m2/repository/com/amazonaws/aws-java-sdk-kinesis/1.11.18/aws-java-sdk-kinesis-1.11.18.jar:/Users/lblade/.m2/repository/com/amazonaws/aws-java-sdk-opsworks/1.11.18/aws-java-sdk-opsworks-1.11.18.jar:/Users/lblade/.m2/repository/com/amazonaws/aws-java-sdk-ses/1.11.18/aws-java-sdk-ses-1.11.18.jar:/Users/lblade/.m2/repository/com/amazonaws/aws-java-sdk-autoscaling/1.11.18/aws-java-sdk-autoscaling-1.11.18.jar:/Users/lblade/.m2/repository/com/amazonaws/aws-java-sdk-cloudsearch/1.11.18/aws-java-sdk-cloudsearch-1.11.18.jar:/Users/lblade/.m2/repository/com/amazonaws/aws-java-sdk-cloudwatchmetrics/1.11.18/aws-java-sdk-cloudwatchmetrics-1.11.18.jar:/Users/lblade/.m2/repository/com/amazonaws/aws-java-sdk-swf-libraries/1.11.18/aws-java-sdk-swf-libraries-1.11.18.jar:/Users/lblade/.m2/repository/com/amazonaws/aws-java-sdk-codedeploy/1.11.18/aws-java-sdk-codedeploy-1.11.18.jar:/Users/lblade/.m2/repository/com/amazonaws/aws-java-sdk-codepipeline/1.11.18/aws-java-sdk-codepipeline-1.11.18.jar:/Users/lblade/.m2/repository/com/amazonaws/aws-java-sdk-kms/1.11.18/aws-java-sdk-kms-1.11.18.jar:/Users/lblade/.m2/repository/com/amazonaws/aws-java-sdk-config/1.11.18/aws-java-sdk-config-1.11.18.jar:/Users/lblade/.m2/repository/com/amazonaws/aws-java-sdk-lambda/1.11.18/aws-java-sdk-lambda-1.11.18.jar:/Users/lblade/.m2/repository/com/amazonaws/aws-java-sdk-ecs/1.11.18/aws-java-sdk-ecs-1.11.18.jar:/Users/lblade/.m2/repository/com/amazonaws/aws-java-sdk-ecr/1.11.18/aws-java-sdk-ecr-1.11.18.jar:/Users/lblade/.m2/repository/com/amazonaws/aws-java-sdk-cloudhsm/1.11.18/aws-java-sdk-cloudhsm-1.11.18.jar:/Users/lblade/.m2/repository/com/amazonaws/aws-java-sdk-ssm/1.11.18/aws-java-sdk-ssm-1.11.18.jar:/Users/lblade/.m2/repository/com/amazonaws/aws-java-sdk-workspaces/1.11.18/aws-java-sdk-workspaces-1.11.18.jar:/Users/lblade/.m2/repository/com/amazonaws/aws-java-sdk-machinelearning/1.11.18/aws-java-sdk-machinelearning-1.11.18.jar:/Users/lblade/.m2/repository/com/amazonaws/aws-java-sdk-directory/1.11.18/aws-java-sdk-directory-1.11.18.jar:/Users/lblade/.m2/repository/com/amazonaws/aws-java-sdk-efs/1.11.18/aws-java-sdk-efs-1.11.18.jar:/Users/lblade/.m2/repository/com/amazonaws/aws-java-sdk-codecommit/1.11.18/aws-java-sdk-codecommit-1.11.18.jar:/Users/lblade/.m2/repository/com/amazonaws/aws-java-sdk-devicefarm/1.11.18/aws-java-sdk-devicefarm-1.11.18.jar:/Users/lblade/.m2/repository/com/amazonaws/aws-java-sdk-elasticsearch/1.11.18/aws-java-sdk-elasticsearch-1.11.18.jar:/Users/lblade/.m2/repository/com/amazonaws/aws-java-sdk-waf/1.11.18/aws-java-sdk-waf-1.11.18.jar:/Users/lblade/.m2/repository/com/amazonaws/aws-java-sdk-marketplacecommerceanalytics/1.11.18/aws-java-sdk-marketplacecommerceanalytics-1.11.18.jar:/Users/lblade/.m2/repository/com/amazonaws/aws-java-sdk-inspector/1.11.18/aws-java-sdk-inspector-1.11.18.jar:/Users/lblade/.m2/repository/com/amazonaws/aws-java-sdk-iot/1.11.18/aws-java-sdk-iot-1.11.18.jar:/Users/lblade/.m2/repository/com/amazonaws/aws-java-sdk-api-gateway/1.11.18/aws-java-sdk-api-gateway-1.11.18.jar:/Users/lblade/.m2/repository/com/amazonaws/aws-java-sdk-acm/1.11.18/aws-java-sdk-acm-1.11.18.jar:/Users/lblade/.m2/repository/com/amazonaws/aws-java-sdk-gamelift/1.11.18/aws-java-sdk-gamelift-1.11.18.jar:/Users/lblade/.m2/repository/com/amazonaws/aws-java-sdk-dms/1.11.18/aws-java-sdk-dms-1.11.18.jar:/Users/lblade/.m2/repository/com/amazonaws/aws-java-sdk-marketplacemeteringservice/1.11.18/aws-java-sdk-marketplacemeteringservice-1.11.18.jar:/Users/lblade/.m2/repository/com/amazonaws/aws-java-sdk-cognitoidp/1.11.18/aws-java-sdk-cognitoidp-1.11.18.jar:/Users/lblade/.m2/repository/com/amazonaws/aws-java-sdk-discovery/1.11.18/aws-java-sdk-discovery-1.11.18.jar:/Users/lblade/.m2/repository/com/amazonaws/aws-java-sdk-applicationautoscaling/1.11.18/aws-java-sdk-applicationautoscaling-1.11.18.jar:/Users/lblade/.m2/repository/com/amazonaws/aws-java-sdk-core/1.11.18/aws-java-sdk-core-1.11.18.jar:/Users/lblade/.m2/repository/commons-logging/commons-logging/1.1.3/commons-logging-1.1.3.jar:/Users/lblade/.m2/repository/com/fasterxml/jackson/dataformat/jackson-dataformat-cbor/2.8.11/jackson-dataformat-cbor-2.8.11.jar:/Users/lblade/.m2/repository/javax/xml/bind/jaxb-api/2.3.0/jaxb-api-2.3.0.jar:/Users/lblade/.m2/repository/com/sun/xml/bind/jaxb-impl/2.3.0/jaxb-impl-2.3.0.jar:/Users/lblade/.m2/repository/org/glassfish/jaxb/jaxb-runtime/2.3.0/jaxb-runtime-2.3.0.jar:/Users/lblade/.m2/repository/org/glassfish/jaxb/jaxb-core/2.3.0/jaxb-core-2.3.0.jar:/Users/lblade/.m2/repository/org/glassfish/jaxb/txw2/2.3.0/txw2-2.3.0.jar:/Users/lblade/.m2/repository/com/sun/istack/istack-commons-runtime/3.0.5/istack-commons-runtime-3.0.5.jar:/Users/lblade/.m2/repository/org/jvnet/staxex/stax-ex/1.7.8/stax-ex-1.7.8.jar:/Users/lblade/.m2/repository/com/sun/xml/fastinfoset/FastInfoset/1.2.13/FastInfoset-1.2.13.jar:/Users/lblade/.m2/repository/javax/activation/activation/1.1.1/activation-1.1.1.jar:/Users/lblade/.m2/repository/joda-time/joda-time/2.9.9/joda-time-2.9.9.jar:/Users/lblade/.m2/repository/org/apache/commons/commons-lang3/3.8.1/commons-lang3-3.8.1.jar:"/>
    <property name="sun.cpu.endian" value="little"/>
    <property name="user.home" value="/Users/lblade"/>
    <property name="user.language" value="zh"/>
    <property name="java.specification.vendor" value="Oracle Corporation"/>
    <property name="java.version.date" value="2018-04-17"/>
    <property name="java.home" value="/Library/Java/JavaVirtualMachines/jdk-10.0.1.jdk/Contents/Home"/>
    <property name="file.separator" value="/"/>
    <property name="basedir" value="/Users/lblade/paper/system/migration_eureka_client"/>
    <property name="java.vm.compressedOopsMode" value="Zero based"/>
    <property name="line.separator" value="&#10;"/>
    <property name="java.specification.name" value="Java Platform API Specification"/>
    <property name="java.vm.specification.vendor" value="Oracle Corporation"/>
    <property name="java.awt.graphicsenv" value="sun.awt.CGraphicsEnvironment"/>
    <property name="surefire.real.class.path" value="/Users/lblade/paper/system/migration_eureka_client/target/surefire/surefirebooter5257813045976650101.jar"/>
    <property name="user.script" value="Hans"/>
    <property name="sun.management.compiler" value="HotSpot 64-Bit Tiered Compilers"/>
    <property name="java.runtime.version" value="10.0.1+10"/>
    <property name="user.name" value="lblade"/>
    <property name="path.separator" value=":"/>
    <property name="os.version" value="10.14.6"/>
    <property name="java.runtime.name" value="Java(TM) SE Runtime Environment"/>
    <property name="file.encoding" value="UTF-8"/>
    <property name="java.vm.name" value="Java HotSpot(TM) 64-Bit Server VM"/>
    <property name="java.vendor.version" value="18.3"/>
    <property name="localRepository" value="/Users/lblade/.m2/repository"/>
    <property name="java.vendor.url.bug" value="http://bugreport.java.com/bugreport/"/>
    <property name="java.io.tmpdir" value="/var/folders/5x/m92zb1nn1ggbdtmy5cd135440000gn/T/"/>
    <property name="java.version" value="10.0.1"/>
    <property name="user.dir" value="/Users/lblade/paper/system/migration_eureka_client"/>
    <property name="os.arch" value="x86_64"/>
    <property name="java.vm.specification.name" value="Java Virtual Machine Specification"/>
    <property name="java.awt.printerjob" value="sun.lwawt.macosx.CPrinterJob"/>
    <property name="sun.os.patch.level" value="unknown"/>
    <property name="java.library.path" value="/Users/lblade/Library/Java/Extensions:/Library/Java/Extensions:/Network/Library/Java/Extensions:/System/Library/Java/Extensions:/usr/lib/java:."/>
    <property name="java.vendor" value="Oracle Corporation"/>
    <property name="java.vm.info" value="mixed mode"/>
    <property name="java.vm.version" value="10.0.1+10"/>
    <property name="sun.io.unicode.encoding" value="UnicodeBig"/>
    <property name="java.class.version" value="54.0"/>
  </properties>
  <testcase name="shouldAnswerWithTrue" classname="com.migration.AppTest" time="0.002"/>
</testsuite>